<?xml version="1.0" encoding="UTF-8"?>
<!-- Generated by org.testng.reporters.JUnitXMLReporter -->
<testsuite ignored="0" hostname="Lokesh" failures="0" tests="3" name="Test" time="10.125" errors="0" timestamp="2024-09-24T00:40:55 IST">
  <testcase classname="org.page.execution.LoginExecutionT" name="logIn" time="0.339"/>
  <testcase classname="org.page.execution.LoginExecutionT" name="logIn" time="0.311"/>
  <testcase classname="org.page.execution.LoginExecutionT" name="logIn" time="0.319"/>
</testsuite> <!-- Test -->
