<?xml version="1.0" encoding="UTF-8"?>
<!-- Generated by org.testng.reporters.JUnitXMLReporter -->
<testsuite ignored="2" hostname="Lokesh" failures="0" tests="1" name="Default test" time="1.916" errors="0" timestamp="2024-10-01T01:17:06 IST">
  <testcase classname="org.api.page.WithBDD" name="extractbodyFile" time="1.876"/>
  <testcase classname="org.api.page.WithBDD" name="postMethod" time="0.0">
    <ignored/>
  </testcase> <!-- postMethod -->
  <testcase classname="org.api.page.WithBDD" name="withBdd" time="0.0">
    <ignored/>
  </testcase> <!-- withBdd -->
</testsuite> <!-- Default test -->
