<?xml version="1.0" encoding="UTF-8"?>
<!-- Generated by org.testng.reporters.JUnitXMLReporter -->
<testsuite ignored="0" hostname="Lokesh" failures="0" tests="3" name="Default test" time="14.44" errors="0" timestamp="2024-09-24T00:22:31 IST">
  <testcase classname="org.page.execution.LoginExecutionT" name="logIn" time="0.677"/>
  <testcase classname="org.page.execution.LoginExecutionT" name="logIn" time="0.572"/>
  <testcase classname="org.page.execution.LoginExecutionT" name="logIn" time="0.551"/>
</testsuite> <!-- Default test -->
