<?xml version="1.0" encoding="UTF-8"?>
<!-- Generated by org.testng.reporters.JUnitXMLReporter -->
<testsuite ignored="0" hostname="Lokesh" failures="0" tests="3" name="Test" time="8.053" errors="0" timestamp="2024-09-21T00:36:52 IST">
  <testcase classname="org.page.execution.LoginExecutionT" name="logIn" time="0.29"/>
  <testcase classname="org.page.execution.LoginExecutionT" name="logIn" time="0.284"/>
  <testcase classname="org.page.execution.LoginExecutionT" name="logIn" time="0.258"/>
</testsuite> <!-- Test -->
