<?xml version="1.0" encoding="UTF-8"?>
<!-- Generated by org.testng.reporters.JUnitXMLReporter -->
<testsuite ignored="0" hostname="Lokesh" failures="0" tests="3" name="Test" time="18.261" errors="0" timestamp="2024-09-24T00:14:04 IST">
  <testcase classname="org.page.execution.LoginExecutionT" name="logIn" time="0.636"/>
  <testcase classname="org.page.execution.LoginExecutionT" name="logIn" time="0.423"/>
  <testcase classname="org.page.execution.LoginExecutionT" name="logIn" time="0.662"/>
</testsuite> <!-- Test -->
