<?xml version="1.0" encoding="UTF-8"?>
<testng-results ignored="0" total="3" passed="3" failed="0" skipped="0">
  <reporter-output>
  </reporter-output>
  <suite started-at="2024-09-22T00:55:28 IST" name="Regression" finished-at="2024-09-22T00:55:45 IST" duration-ms="16577">
    <groups>
    </groups>
    <test started-at="2024-09-22T00:55:28 IST" name="Test" finished-at="2024-09-22T00:55:45 IST" duration-ms="16577">
      <class name="org.page.execution.LoginExecutionT">
        <test-method is-config="true" signature="beforeClass()[pri:0, instance:org.page.execution.LoginExecutionT@2a798d51]" started-at="2024-09-22T00:55:28 IST" name="beforeClass" finished-at="2024-09-22T00:55:28 IST" duration-ms="24" status="PASS">
          <reporter-output>
          </reporter-output>
        </test-method> <!-- beforeClass -->
        <test-method is-config="true" signature="openBrowser()[pri:0, instance:org.page.execution.LoginExecutionT@2a798d51]" started-at="2024-09-22T00:55:29 IST" name="openBrowser" finished-at="2024-09-22T00:55:36 IST" duration-ms="6992" status="PASS">
          <reporter-output>
          </reporter-output>
        </test-method> <!-- openBrowser -->
        <test-method signature="logIn(java.lang.String,java.lang.String)[pri:0, instance:org.page.execution.LoginExecutionT@2a798d51]" started-at="2024-09-22T00:55:36 IST" name="logIn" data-provider="Data" finished-at="2024-09-22T00:55:37 IST" duration-ms="761" status="PASS">
          <params>
            <param index="0">
              <value>
                <![CDATA[standard_user]]>
              </value>
            </param>
            <param index="1">
              <value>
                <![CDATA[secret_sauce]]>
              </value>
            </param>
          </params>
          <reporter-output>
          </reporter-output>
        </test-method> <!-- logIn -->
        <test-method is-config="true" signature="closeBrowser()[pri:0, instance:org.page.execution.LoginExecutionT@2a798d51]" started-at="2024-09-22T00:55:37 IST" name="closeBrowser" finished-at="2024-09-22T00:55:37 IST" duration-ms="156" status="PASS">
          <reporter-output>
          </reporter-output>
        </test-method> <!-- closeBrowser -->
        <test-method is-config="true" signature="openBrowser()[pri:0, instance:org.page.execution.LoginExecutionT@2a798d51]" started-at="2024-09-22T00:55:37 IST" name="openBrowser" finished-at="2024-09-22T00:55:40 IST" duration-ms="2964" status="PASS">
          <reporter-output>
          </reporter-output>
        </test-method> <!-- openBrowser -->
        <test-method signature="logIn(java.lang.String,java.lang.String)[pri:0, instance:org.page.execution.LoginExecutionT@2a798d51]" started-at="2024-09-22T00:55:40 IST" name="logIn" data-provider="Data" finished-at="2024-09-22T00:55:41 IST" duration-ms="654" status="PASS">
          <params>
            <param index="0">
              <value>
                <![CDATA[locked_out_user]]>
              </value>
            </param>
            <param index="1">
              <value>
                <![CDATA[secret_sauce1]]>
              </value>
            </param>
          </params>
          <reporter-output>
          </reporter-output>
        </test-method> <!-- logIn -->
        <test-method is-config="true" signature="closeBrowser()[pri:0, instance:org.page.execution.LoginExecutionT@2a798d51]" started-at="2024-09-22T00:55:41 IST" name="closeBrowser" finished-at="2024-09-22T00:55:41 IST" duration-ms="151" status="PASS">
          <reporter-output>
          </reporter-output>
        </test-method> <!-- closeBrowser -->
        <test-method is-config="true" signature="openBrowser()[pri:0, instance:org.page.execution.LoginExecutionT@2a798d51]" started-at="2024-09-22T00:55:41 IST" name="openBrowser" finished-at="2024-09-22T00:55:44 IST" duration-ms="2991" status="PASS">
          <reporter-output>
          </reporter-output>
        </test-method> <!-- openBrowser -->
        <test-method signature="logIn(java.lang.String,java.lang.String)[pri:0, instance:org.page.execution.LoginExecutionT@2a798d51]" started-at="2024-09-22T00:55:44 IST" name="logIn" data-provider="Data" finished-at="2024-09-22T00:55:45 IST" duration-ms="617" status="PASS">
          <params>
            <param index="0">
              <value>
                <![CDATA[problem_user]]>
              </value>
            </param>
            <param index="1">
              <value>
                <![CDATA[secret_sauce2]]>
              </value>
            </param>
          </params>
          <reporter-output>
          </reporter-output>
        </test-method> <!-- logIn -->
        <test-method is-config="true" signature="closeBrowser()[pri:0, instance:org.page.execution.LoginExecutionT@2a798d51]" started-at="2024-09-22T00:55:45 IST" name="closeBrowser" finished-at="2024-09-22T00:55:45 IST" duration-ms="158" status="PASS">
          <reporter-output>
          </reporter-output>
        </test-method> <!-- closeBrowser -->
        <test-method is-config="true" signature="afterClass()[pri:0, instance:org.page.execution.LoginExecutionT@2a798d51]" started-at="2024-09-22T00:55:45 IST" name="afterClass" finished-at="2024-09-22T00:55:45 IST" duration-ms="0" status="PASS">
          <reporter-output>
          </reporter-output>
        </test-method> <!-- afterClass -->
      </class> <!-- org.page.execution.LoginExecutionT -->
    </test> <!-- Test -->
  </suite> <!-- Regression -->
</testng-results>
