<?xml version="1.0" encoding="UTF-8"?>
<testng-results ignored="0" total="1" passed="1" failed="0" skipped="0">
  <reporter-output>
  </reporter-output>
  <suite started-at="2024-03-27T22:32:52 IST" name="Suite" finished-at="2024-03-27T22:32:59 IST" duration-ms="6666">
    <groups>
    </groups>
    <test started-at="2024-03-27T22:32:52 IST" name="Test" finished-at="2024-03-27T22:32:59 IST" duration-ms="6666">
      <class name="jenkins.sample.pack.Sample">
        <test-method signature="verifyFacebookTitle()[pri:0, instance:jenkins.sample.pack.Sample@35047d03]" started-at="2024-03-27T22:32:52 IST" name="verifyFacebookTitle" finished-at="2024-03-27T22:32:59 IST" duration-ms="6535" status="PASS">
          <reporter-output>
          </reporter-output>
        </test-method> <!-- verifyFacebookTitle -->
      </class> <!-- jenkins.sample.pack.Sample -->
    </test> <!-- Test -->
  </suite> <!-- Suite -->
</testng-results>
