<?xml version="1.0" encoding="UTF-8"?>
<testng-results ignored="0" total="3" passed="3" failed="0" skipped="0">
  <reporter-output>
  </reporter-output>
  <suite started-at="2024-09-21T00:57:33 IST" name="Default suite" finished-at="2024-09-21T00:57:42 IST" duration-ms="9054">
    <groups>
    </groups>
    <test started-at="2024-09-21T00:57:33 IST" name="Default test" finished-at="2024-09-21T00:57:42 IST" duration-ms="9054">
      <class name="org.page.execution.LoginExecutionT">
        <test-method is-config="true" signature="beforeClass()[pri:0, instance:org.page.execution.LoginExecutionT@45099dd3]" started-at="2024-09-21T00:57:33 IST" name="beforeClass" finished-at="2024-09-21T00:57:33 IST" duration-ms="6" status="PASS">
          <reporter-output>
          </reporter-output>
        </test-method> <!-- beforeClass -->
        <test-method is-config="true" signature="openBrowser()[pri:0, instance:org.page.execution.LoginExecutionT@45099dd3]" started-at="2024-09-21T00:57:34 IST" name="openBrowser" finished-at="2024-09-21T00:57:38 IST" duration-ms="3615" status="PASS">
          <reporter-output>
          </reporter-output>
        </test-method> <!-- openBrowser -->
        <test-method signature="logIn(java.lang.String,java.lang.String)[pri:0, instance:org.page.execution.LoginExecutionT@45099dd3]" started-at="2024-09-21T00:57:38 IST" name="logIn" data-provider="Data" finished-at="2024-09-21T00:57:38 IST" duration-ms="393" status="PASS">
          <params>
            <param index="0">
              <value>
                <![CDATA[standard_user]]>
              </value>
            </param>
            <param index="1">
              <value>
                <![CDATA[secret_sauce]]>
              </value>
            </param>
          </params>
          <reporter-output>
          </reporter-output>
        </test-method> <!-- logIn -->
        <test-method is-config="true" signature="closeBrowser()[pri:0, instance:org.page.execution.LoginExecutionT@45099dd3]" started-at="2024-09-21T00:57:38 IST" name="closeBrowser" finished-at="2024-09-21T00:57:38 IST" duration-ms="109" status="PASS">
          <reporter-output>
          </reporter-output>
        </test-method> <!-- closeBrowser -->
        <test-method is-config="true" signature="openBrowser()[pri:0, instance:org.page.execution.LoginExecutionT@45099dd3]" started-at="2024-09-21T00:57:38 IST" name="openBrowser" finished-at="2024-09-21T00:57:40 IST" duration-ms="1853" status="PASS">
          <reporter-output>
          </reporter-output>
        </test-method> <!-- openBrowser -->
        <test-method signature="logIn(java.lang.String,java.lang.String)[pri:0, instance:org.page.execution.LoginExecutionT@45099dd3]" started-at="2024-09-21T00:57:40 IST" name="logIn" data-provider="Data" finished-at="2024-09-21T00:57:40 IST" duration-ms="289" status="PASS">
          <params>
            <param index="0">
              <value>
                <![CDATA[locked_out_user]]>
              </value>
            </param>
            <param index="1">
              <value>
                <![CDATA[secret_sauce1]]>
              </value>
            </param>
          </params>
          <reporter-output>
          </reporter-output>
        </test-method> <!-- logIn -->
        <test-method is-config="true" signature="closeBrowser()[pri:0, instance:org.page.execution.LoginExecutionT@45099dd3]" started-at="2024-09-21T00:57:40 IST" name="closeBrowser" finished-at="2024-09-21T00:57:40 IST" duration-ms="107" status="PASS">
          <reporter-output>
          </reporter-output>
        </test-method> <!-- closeBrowser -->
        <test-method is-config="true" signature="openBrowser()[pri:0, instance:org.page.execution.LoginExecutionT@45099dd3]" started-at="2024-09-21T00:57:40 IST" name="openBrowser" finished-at="2024-09-21T00:57:42 IST" duration-ms="1728" status="PASS">
          <reporter-output>
          </reporter-output>
        </test-method> <!-- openBrowser -->
        <test-method signature="logIn(java.lang.String,java.lang.String)[pri:0, instance:org.page.execution.LoginExecutionT@45099dd3]" started-at="2024-09-21T00:57:42 IST" name="logIn" data-provider="Data" finished-at="2024-09-21T00:57:42 IST" duration-ms="270" status="PASS">
          <params>
            <param index="0">
              <value>
                <![CDATA[problem_user]]>
              </value>
            </param>
            <param index="1">
              <value>
                <![CDATA[secret_sauce2]]>
              </value>
            </param>
          </params>
          <reporter-output>
          </reporter-output>
        </test-method> <!-- logIn -->
        <test-method is-config="true" signature="closeBrowser()[pri:0, instance:org.page.execution.LoginExecutionT@45099dd3]" started-at="2024-09-21T00:57:42 IST" name="closeBrowser" finished-at="2024-09-21T00:57:42 IST" duration-ms="88" status="PASS">
          <reporter-output>
          </reporter-output>
        </test-method> <!-- closeBrowser -->
        <test-method is-config="true" signature="afterClass()[pri:0, instance:org.page.execution.LoginExecutionT@45099dd3]" started-at="2024-09-21T00:57:42 IST" name="afterClass" finished-at="2024-09-21T00:57:42 IST" duration-ms="0" status="PASS">
          <reporter-output>
          </reporter-output>
        </test-method> <!-- afterClass -->
      </class> <!-- org.page.execution.LoginExecutionT -->
    </test> <!-- Default test -->
  </suite> <!-- Default suite -->
</testng-results>
