<?xml version="1.0" encoding="UTF-8"?>
<testng-results ignored="0" total="1" passed="1" failed="0" skipped="0">
  <reporter-output>
  </reporter-output>
  <suite started-at="2024-10-01T01:17:04 IST" name="Default suite" finished-at="2024-10-01T01:17:06 IST" duration-ms="1916">
    <groups>
    </groups>
    <test started-at="2024-10-01T01:17:04 IST" name="Default test" finished-at="2024-10-01T01:17:06 IST" duration-ms="1916">
      <class name="org.api.page.WithBDD">
        <test-method signature="extractbodyFile()[pri:0, instance:org.api.page.WithBDD@69e153c5]" started-at="2024-10-01T01:17:04 IST" name="extractbodyFile" finished-at="2024-10-01T01:17:06 IST" duration-ms="1876" status="PASS">
          <reporter-output>
          </reporter-output>
        </test-method> <!-- extractbodyFile -->
      </class> <!-- org.api.page.WithBDD -->
    </test> <!-- Default test -->
  </suite> <!-- Default suite -->
</testng-results>
